#
# There is insufficient memory for the Java Runtime Environment to continue.
# Native memory allocation (malloc) failed to allocate 1048576 bytes for AllocateHeap
# Possible reasons:
#   The system is out of physical RAM or swap space
#   In 32 bit mode, the process size limit was hit
# Possible solutions:
#   Reduce memory load on the system
#   Increase physical memory or swap space
#   Check if swap backing store is full
#   Use 64 bit Java on a 64 bit OS
#   Decrease Java heap size (-Xmx/-Xms)
#   Decrease number of Java threads
#   Decrease Java thread stack sizes (-Xss)
#   Set larger code cache with -XX:ReservedCodeCacheSize=
# This output file may be truncated or incomplete.
#
#  Out of Memory Error (memory/allocation.inline.hpp:61), pid=6380, tid=1824
#
# JRE version:  (7.0_79-b15) (build )
# Java VM: Java HotSpot(TM) 64-Bit Server VM (24.79-b02 mixed mode windows-amd64 compressed oops)
# Failed to write core dump. Minidumps are not enabled by default on client versions of Windows
#

---------------  T H R E A D  ---------------

Current thread (0x00000000023ae000):  JavaThread "Unknown thread" [_thread_in_vm, id=1824, stack(0x0000000002110000,0x0000000002210000)]

Stack: [0x0000000002110000,0x0000000002210000]

---------------  P R O C E S S  ---------------

Java Threads: ( => current thread )

Other Threads:

=>0x00000000023ae000 (exited) JavaThread "Unknown thread" [_thread_in_vm, id=1824, stack(0x0000000002110000,0x0000000002210000)]

VM state:not at safepoint (normal execution)

VM Mutex/Monitor currently owned by a thread: None

Heap
 PSYoungGen      total 28672K, used 501K [0x00000000eaa80000, 0x00000000eca00000, 0x0000000100000000)
  eden space 25088K, 2% used [0x00000000eaa80000,0x00000000eaafd760,0x00000000ec300000)
  from space 3584K, 0% used [0x00000000ec680000,0x00000000ec680000,0x00000000eca00000)
  to   space 3584K, 0% used [0x00000000ec300000,0x00000000ec300000,0x00000000ec680000)
 ParOldGen       total 64512K, used 0K [0x00000000c0000000, 0x00000000c3f00000, 0x00000000eaa80000)
  object space 64512K, 0% used [0x00000000c0000000,0x00000000c0000000,0x00000000c3f00000)
 PSPermGen       total 21504K, used 697K [0x00000000bae00000, 0x00000000bc300000, 0x00000000c0000000)
  object space 21504K, 3% used [0x00000000bae00000,0x00000000baeae588,0x00000000bc300000)

Card table byte_map: [0x00000000053b0000,0x00000000055e0000] byte_map_base: 0x0000000004dd9000

Polling page: 0x00000000001f0000

Code Cache  [0x00000000023b0000, 0x0000000002620000, 0x00000000053b0000)
 total_blobs=38 nmethods=0 adapters=20 free_code_cache=48889Kb largest_free_block=50062528

Compilation events (0 events):
No events

GC Heap History (0 events):
No events

Deoptimization events (0 events):
No events

Internal exceptions (0 events):
No events

Events (10 events):
Event: 0.019 loading class 0x00000000022a6990
Event: 0.020 loading class 0x00000000022a6990 done
Event: 0.020 loading class 0x00000000022a69e0
Event: 0.020 loading class 0x00000000022a69e0 done
Event: 0.020 loading class 0x00000000022a6a30
Event: 0.020 loading class 0x00000000022a6a30 done
Event: 0.021 loading class 0x00000000022a77b0
Event: 0.021 loading class 0x00000000022a77b0 done
Event: 0.021 loading class 0x00000000022a73d0
Event: 0.021 loading class 0x00000000022a73d0 done


Dynamic libraries:
0x00007ff622b30000 - 0x00007ff622b63000 	C:\Program Files\Java\jdk1.7.0_79\bin\java.exe
0x00007ffec2e90000 - 0x00007ffec3051000 	C:\WINDOWS\SYSTEM32\ntdll.dll
0x00007ffec28e0000 - 0x00007ffec298d000 	C:\WINDOWS\system32\KERNEL32.DLL
0x00007ffebf5b0000 - 0x00007ffebf798000 	C:\WINDOWS\system32\KERNELBASE.dll
0x00007ffec0500000 - 0x00007ffec05a7000 	C:\WINDOWS\system32\ADVAPI32.dll
0x00007ffec2020000 - 0x00007ffec20bd000 	C:\WINDOWS\system32\msvcrt.dll
0x00007ffec2c10000 - 0x00007ffec2c6b000 	C:\WINDOWS\system32\sechost.dll
0x00007ffec2120000 - 0x00007ffec223c000 	C:\WINDOWS\system32\RPCRT4.dll
0x00007ffec2240000 - 0x00007ffec2396000 	C:\WINDOWS\system32\USER32.dll
0x00007ffec0360000 - 0x00007ffec04e6000 	C:\WINDOWS\system32\GDI32.dll
0x00007ffeb3eb0000 - 0x00007ffeb4124000 	C:\WINDOWS\WinSxS\amd64_microsoft.windows.common-controls_6595b64144ccf1df_6.0.10586.0_none_8c15ae12515e1c22\COMCTL32.dll
0x00007ffec2990000 - 0x00007ffec2c0d000 	C:\WINDOWS\system32\combase.dll
0x00007ffebf540000 - 0x00007ffebf5aa000 	C:\WINDOWS\system32\bcryptPrimitives.dll
0x00007ffec20e0000 - 0x00007ffec211b000 	C:\WINDOWS\system32\IMM32.DLL
0x00000000601e0000 - 0x00000000602b2000 	C:\Program Files\Java\jdk1.7.0_79\jre\bin\msvcr100.dll
0x000000005fa00000 - 0x00000000601d5000 	C:\Program Files\Java\jdk1.7.0_79\jre\bin\server\jvm.dll
0x00007ffec04f0000 - 0x00007ffec04f8000 	C:\WINDOWS\system32\PSAPI.DLL
0x00007ffebb480000 - 0x00007ffebb489000 	C:\WINDOWS\SYSTEM32\WSOCK32.dll
0x00007ffec0290000 - 0x00007ffec02fb000 	C:\WINDOWS\system32\WS2_32.dll
0x00007ffebdbe0000 - 0x00007ffebdc03000 	C:\WINDOWS\SYSTEM32\WINMM.dll
0x00007ffebdbb0000 - 0x00007ffebdbdc000 	C:\WINDOWS\SYSTEM32\WINMMBASE.dll
0x00007ffebf850000 - 0x00007ffebf893000 	C:\WINDOWS\system32\cfgmgr32.dll
0x000000005f9f0000 - 0x000000005f9ff000 	C:\Program Files\Java\jdk1.7.0_79\jre\bin\verify.dll
0x000000005f9c0000 - 0x000000005f9e8000 	C:\Program Files\Java\jdk1.7.0_79\jre\bin\java.dll
0x000000005f9a0000 - 0x000000005f9b5000 	C:\Program Files\Java\jdk1.7.0_79\jre\bin\zip.dll

VM Arguments:
jvm_args: -Djava.awt.headless=true -Xmx1024M -Dfile.encoding=windows-1258 -Duser.country=US -Duser.language=en -Duser.variant 
java_command: com.android.dx.command.Main --dex --force-jumbo --num-threads=4 --output E:\AndroidStudioProjects\chat\app\build\intermediates\pre-dexed\debug\instant-run-bootstrap_948c6f077fd70c6860a9e63998332e165b2fded0.jar E:\AndroidStudioProjects\chat\app\build\intermediates\incremental-classes\debug\instant-run-bootstrap.jar
Launcher Type: SUN_STANDARD

Environment Variables:
JAVA_HOME=C:\Program Files\Java\jdk1.8.0_25
PATH=C:\ProgramData\Oracle\Java\javapath;C:\WINDOWS\system32;C:\WINDOWS;C:\WINDOWS\System32\Wbem;C:\WINDOWS\System32\WindowsPowerShell\v1.0\;C:\Program Files (x86)\ATI Technologies\ATI.ACE\Core-Static;C:\Program Files\Java\jdk1.8.0_25\bin;.;C:\Program Files\Microsoft SQL Server\120\DTS\Binn\;C:\Program Files\Microsoft SQL Server\Client SDK\ODBC\110\Tools\Binn\;C:\Program Files (x86)\Microsoft SQL Server\120\Tools\Binn\;C:\Program Files\Microsoft SQL Server\120\Tools\Binn\;C:\Program Files (x86)\Microsoft SQL Server\120\Tools\Binn\ManagementStudio\;C:\Program Files (x86)\Microsoft SQL Server\120\DTS\Binn\;C:\Program Files (x86)\Windows Kits\8.1\Windows Performance Toolkit\;C:\Program Files\Microsoft SQL Server\110\Tools\Binn\
USERNAME=hientran
OS=Windows_NT
PROCESSOR_IDENTIFIER=Intel64 Family 6 Model 42 Stepping 7, GenuineIntel



---------------  S Y S T E M  ---------------

OS: Windows 8.1 , 64 bit Build 9600 

CPU:total 4 (2 cores per cpu, 2 threads per core) family 6 model 42 stepping 7, cmov, cx8, fxsr, mmx, sse, sse2, sse3, ssse3, sse4.1, sse4.2, popcnt, avx, aes, ht, tsc, tscinvbit

Memory: 4k page, physical 6197124k(1052180k free), swap 7626628k(137132k free)

vm_info: Java HotSpot(TM) 64-Bit Server VM (24.79-b02) for windows-amd64 JRE (1.7.0_79-b15), built on Apr 10 2015 12:36:16 by "java_re" with unknown MS VC++:1600

time: Thu May 12 15:31:19 2016
elapsed time: 0 seconds

